d:\c++learning\laluna_rendering\laluna_rendering\release\laluna_rendering.pch
d:\c++learning\laluna_rendering\laluna_rendering\release\vc120.pdb
d:\c++learning\laluna_rendering\laluna_rendering\release\stdafx.obj
d:\c++learning\laluna_rendering\laluna_rendering\release\lvert.obj
d:\c++learning\laluna_rendering\laluna_rendering\release\lvector.obj
d:\c++learning\laluna_rendering\laluna_rendering\release\lunascene.obj
d:\c++learning\laluna_rendering\laluna_rendering\release\lmesh.obj
d:\c++learning\laluna_rendering\laluna_rendering\release\lmatrix.obj
d:\c++learning\laluna_rendering\laluna_rendering\release\laluna_rendering.obj
d:\c++learning\laluna_rendering\release\laluna_rendering.exe
d:\c++learning\laluna_rendering\release\laluna_rendering.pdb
d:\c++learning\laluna_rendering\laluna_rendering\release\laluna_rendering.res
d:\c++learning\laluna_rendering\laluna_rendering\release\laluna_rendering.tlog\cl.command.1.tlog
d:\c++learning\laluna_rendering\laluna_rendering\release\laluna_rendering.tlog\cl.read.1.tlog
d:\c++learning\laluna_rendering\laluna_rendering\release\laluna_rendering.tlog\cl.write.1.tlog
d:\c++learning\laluna_rendering\laluna_rendering\release\laluna_rendering.tlog\link.command.1.tlog
d:\c++learning\laluna_rendering\laluna_rendering\release\laluna_rendering.tlog\link.read.1.tlog
d:\c++learning\laluna_rendering\laluna_rendering\release\laluna_rendering.tlog\link.write.1.tlog
d:\c++learning\laluna_rendering\laluna_rendering\release\laluna_rendering.tlog\rc.command.1.tlog
d:\c++learning\laluna_rendering\laluna_rendering\release\laluna_rendering.tlog\rc.read.1.tlog
d:\c++learning\laluna_rendering\laluna_rendering\release\laluna_rendering.tlog\rc.write.1.tlog
