d:\c++learning\laluna_rendering\laluna_rendering\debug\laluna_rendering.pch
d:\c++learning\laluna_rendering\laluna_rendering\debug\vc120.pdb
d:\c++learning\laluna_rendering\laluna_rendering\debug\vc120.idb
d:\c++learning\laluna_rendering\laluna_rendering\debug\stdafx.obj
d:\c++learning\laluna_rendering\laluna_rendering\debug\laluna_rendering.obj
d:\c++learning\laluna_rendering\laluna_rendering\debug\lmatrix.obj
d:\c++learning\laluna_rendering\laluna_rendering\debug\lmesh.obj
d:\c++learning\laluna_rendering\laluna_rendering\debug\lunascene.obj
d:\c++learning\laluna_rendering\laluna_rendering\debug\lvector.obj
d:\c++learning\laluna_rendering\laluna_rendering\debug\laluna_rendering.res
d:\c++learning\laluna_rendering\debug\laluna_rendering.pdb
d:\c++learning\laluna_rendering\laluna_rendering\debug\laluna_rendering.tlog\cl.command.1.tlog
d:\c++learning\laluna_rendering\laluna_rendering\debug\laluna_rendering.tlog\cl.read.1.tlog
d:\c++learning\laluna_rendering\laluna_rendering\debug\laluna_rendering.tlog\cl.write.1.tlog
d:\c++learning\laluna_rendering\laluna_rendering\debug\laluna_rendering.tlog\link-cvtres.read.1.tlog
d:\c++learning\laluna_rendering\laluna_rendering\debug\laluna_rendering.tlog\link-cvtres.write.1.tlog
d:\c++learning\laluna_rendering\laluna_rendering\debug\laluna_rendering.tlog\link-rc.read.1.tlog
d:\c++learning\laluna_rendering\laluna_rendering\debug\laluna_rendering.tlog\link-rc.write.1.tlog
d:\c++learning\laluna_rendering\laluna_rendering\debug\laluna_rendering.tlog\link.command.1.tlog
d:\c++learning\laluna_rendering\laluna_rendering\debug\laluna_rendering.tlog\link.read.1.tlog
d:\c++learning\laluna_rendering\laluna_rendering\debug\laluna_rendering.tlog\link.write.1.tlog
d:\c++learning\laluna_rendering\laluna_rendering\debug\laluna_rendering.tlog\rc.command.1.tlog
d:\c++learning\laluna_rendering\laluna_rendering\debug\laluna_rendering.tlog\rc.read.1.tlog
d:\c++learning\laluna_rendering\laluna_rendering\debug\laluna_rendering.tlog\rc.write.1.tlog
