Build started 2020/9/9 22:28:51.
     1>Project "D:\C++learning\LaLuna_rendering\LaLuna_rendering\LaLuna_rendering.vcxproj" on node 2 (Build target(s)).
     1>ClCompile:
         C:\Program Files (x86)\Microsoft Visual Studio 12.0\VC\bin\CL.exe /c /ZI /nologo /W3 /WX- /sdl /Od /Oy- /D WIN32 /D _DEBUG /D _WINDOWS /D _CRT_SECURE_NO_WARNINGS /D _UNICODE /D UNICODE /Gm /EHsc /RTC1 /MDd /GS /fp:precise /Zc:wchar_t /Zc:forScope /Yu"stdafx.h" /Fp"Debug\LaLuna_rendering.pch" /Fo"Debug\\" /Fd"Debug\vc120.pdb" /Gd /TP /analyze- /errorReport:prompt LunaScene.cpp
         LunaScene.cpp
     1>d:\c++learning\laluna_rendering\laluna_rendering\mydefine.h(7): warning C4244: 'initializing' : conversion from 'double' to 'const float', possible loss of data
     1>d:\c++learning\laluna_rendering\laluna_rendering\mydefine.h(8): warning C4244: 'initializing' : conversion from 'double' to 'const float', possible loss of data
     1>d:\c++learning\laluna_rendering\laluna_rendering\ltexture.h(31): warning C4244: '=' : conversion from 'double' to 'float', possible loss of data
     1>d:\c++learning\laluna_rendering\laluna_rendering\ltexture.h(33): warning C4244: '=' : conversion from 'double' to 'float', possible loss of data
     1>d:\c++learning\laluna_rendering\laluna_rendering\ltexture.h(39): warning C4244: 'initializing' : conversion from 'float' to 'int', possible loss of data
     1>d:\c++learning\laluna_rendering\laluna_rendering\ltexture.h(41): warning C4244: 'initializing' : conversion from 'float' to 'int', possible loss of data
     1>d:\c++learning\laluna_rendering\laluna_rendering\lmaterial.h(11): warning C4305: 'argument' : truncation from 'double' to 'float'
     1>d:\c++learning\laluna_rendering\laluna_rendering\lmaterial.h(13): warning C4305: 'argument' : truncation from 'double' to 'float'
     1>d:\c++learning\laluna_rendering\laluna_rendering\lunascene.cpp(42): warning C4244: 'initializing' : conversion from 'double' to 'float', possible loss of data
     1>d:\c++learning\laluna_rendering\laluna_rendering\lunascene.cpp(51): warning C4244: 'initializing' : conversion from 'double' to 'float', possible loss of data
     1>d:\c++learning\laluna_rendering\laluna_rendering\lunascene.cpp(52): warning C4244: '=' : conversion from 'double' to 'float', possible loss of data
     1>d:\c++learning\laluna_rendering\laluna_rendering\lunascene.cpp(70): warning C4018: '<' : signed/unsigned mismatch
     1>d:\c++learning\laluna_rendering\laluna_rendering\lunascene.cpp(213): warning C4244: 'initializing' : conversion from 'double' to 'int', possible loss of data
     1>d:\c++learning\laluna_rendering\laluna_rendering\lunascene.cpp(214): warning C4244: 'initializing' : conversion from 'double' to 'int', possible loss of data
     1>d:\c++learning\laluna_rendering\laluna_rendering\lunascene.cpp(225): warning C4244: 'initializing' : conversion from 'double' to 'int', possible loss of data
     1>d:\c++learning\laluna_rendering\laluna_rendering\lunascene.cpp(226): warning C4244: 'initializing' : conversion from 'double' to 'int', possible loss of data
     1>d:\c++learning\laluna_rendering\laluna_rendering\lunascene.cpp(230): warning C4244: 'argument' : conversion from 'double' to 'float', possible loss of data
     1>d:\c++learning\laluna_rendering\laluna_rendering\lunascene.cpp(232): warning C4244: 'initializing' : conversion from 'double' to 'float', possible loss of data
     1>d:\c++learning\laluna_rendering\laluna_rendering\lunascene.cpp(245): warning C4244: 'argument' : conversion from 'int' to 'float', possible loss of data
     1>d:\c++learning\laluna_rendering\laluna_rendering\lunascene.cpp(261): warning C4244: 'initializing' : conversion from 'double' to 'int', possible loss of data
     1>d:\c++learning\laluna_rendering\laluna_rendering\lunascene.cpp(262): warning C4244: 'initializing' : conversion from 'double' to 'int', possible loss of data
     1>d:\c++learning\laluna_rendering\laluna_rendering\lunascene.cpp(271): warning C4244: 'initializing' : conversion from 'double' to 'int', possible loss of data
     1>d:\c++learning\laluna_rendering\laluna_rendering\lunascene.cpp(272): warning C4244: 'initializing' : conversion from 'double' to 'int', possible loss of data
     1>d:\c++learning\laluna_rendering\laluna_rendering\lunascene.cpp(276): warning C4244: 'argument' : conversion from 'double' to 'float', possible loss of data
     1>d:\c++learning\laluna_rendering\laluna_rendering\lunascene.cpp(278): warning C4244: 'initializing' : conversion from 'double' to 'float', possible loss of data
     1>d:\c++learning\laluna_rendering\laluna_rendering\lunascene.cpp(289): warning C4244: 'argument' : conversion from 'int' to 'float', possible loss of data
     1>d:\c++learning\laluna_rendering\laluna_rendering\lunascene.cpp(306): warning C4244: 'initializing' : conversion from 'float' to 'int', possible loss of data
     1>d:\c++learning\laluna_rendering\laluna_rendering\lunascene.cpp(307): warning C4244: 'initializing' : conversion from 'float' to 'int', possible loss of data
     1>d:\c++learning\laluna_rendering\laluna_rendering\lunascene.cpp(308): warning C4244: 'initializing' : conversion from 'float' to 'int', possible loss of data
     1>d:\c++learning\laluna_rendering\laluna_rendering\lunascene.cpp(309): warning C4244: 'argument' : conversion from 'float' to 'int', possible loss of data
     1>d:\c++learning\laluna_rendering\laluna_rendering\lunascene.cpp(358): warning C4244: 'initializing' : conversion from 'double' to 'float', possible loss of data
     1>d:\c++learning\laluna_rendering\laluna_rendering\lunascene.cpp(359): warning C4244: 'initializing' : conversion from 'double' to 'float', possible loss of data
     1>d:\c++learning\laluna_rendering\laluna_rendering\lunascene.cpp(361): warning C4305: 'initializing' : truncation from 'double' to 'float'
     1>d:\c++learning\laluna_rendering\laluna_rendering\lunascene.cpp(375): warning C4244: '=' : conversion from 'double' to 'float', possible loss of data
     1>d:\c++learning\laluna_rendering\laluna_rendering\lunascene.cpp(449): warning C4305: 'argument' : truncation from 'double' to 'float'
     1>d:\c++learning\laluna_rendering\laluna_rendering\lunascene.cpp(450): warning C4305: 'argument' : truncation from 'double' to 'float'
     1>d:\c++learning\laluna_rendering\laluna_rendering\lunascene.cpp(451): warning C4305: 'argument' : truncation from 'double' to 'float'
     1>d:\c++learning\laluna_rendering\laluna_rendering\lunascene.cpp(452): warning C4305: 'argument' : truncation from 'double' to 'float'
     1>d:\c++learning\laluna_rendering\laluna_rendering\lunascene.cpp(487): warning C4305: 'argument' : truncation from 'double' to 'float'
     1>d:\c++learning\laluna_rendering\laluna_rendering\lunascene.cpp(488): warning C4305: 'argument' : truncation from 'double' to 'float'
     1>d:\c++learning\laluna_rendering\laluna_rendering\lunascene.cpp(489): warning C4305: 'argument' : truncation from 'double' to 'float'
     1>d:\c++learning\laluna_rendering\laluna_rendering\lunascene.cpp(490): warning C4305: 'argument' : truncation from 'double' to 'float'
     1>d:\c++learning\laluna_rendering\laluna_rendering\lunascene.cpp(524): warning C4305: 'argument' : truncation from 'double' to 'float'
     1>d:\c++learning\laluna_rendering\laluna_rendering\lunascene.cpp(525): warning C4305: 'argument' : truncation from 'double' to 'float'
     1>d:\c++learning\laluna_rendering\laluna_rendering\lunascene.cpp(526): warning C4305: 'argument' : truncation from 'double' to 'float'
     1>d:\c++learning\laluna_rendering\laluna_rendering\lunascene.cpp(527): warning C4305: 'argument' : truncation from 'double' to 'float'
     1>d:\c++learning\laluna_rendering\laluna_rendering\lunascene.cpp(560): warning C4305: 'argument' : truncation from 'double' to 'float'
     1>d:\c++learning\laluna_rendering\laluna_rendering\lunascene.cpp(561): warning C4305: 'argument' : truncation from 'double' to 'float'
     1>d:\c++learning\laluna_rendering\laluna_rendering\lunascene.cpp(562): warning C4305: 'argument' : truncation from 'double' to 'float'
     1>d:\c++learning\laluna_rendering\laluna_rendering\lunascene.cpp(563): warning C4305: 'argument' : truncation from 'double' to 'float'
     1>d:\c++learning\laluna_rendering\laluna_rendering\lunascene.cpp(596): warning C4305: 'argument' : truncation from 'double' to 'float'
     1>d:\c++learning\laluna_rendering\laluna_rendering\lunascene.cpp(597): warning C4305: 'argument' : truncation from 'double' to 'float'
     1>d:\c++learning\laluna_rendering\laluna_rendering\lunascene.cpp(598): warning C4305: 'argument' : truncation from 'double' to 'float'
     1>d:\c++learning\laluna_rendering\laluna_rendering\lunascene.cpp(599): warning C4305: 'argument' : truncation from 'double' to 'float'
     1>d:\c++learning\laluna_rendering\laluna_rendering\lunascene.cpp(632): warning C4305: 'argument' : truncation from 'double' to 'float'
     1>d:\c++learning\laluna_rendering\laluna_rendering\lunascene.cpp(633): warning C4305: 'argument' : truncation from 'double' to 'float'
     1>d:\c++learning\laluna_rendering\laluna_rendering\lunascene.cpp(634): warning C4305: 'argument' : truncation from 'double' to 'float'
     1>d:\c++learning\laluna_rendering\laluna_rendering\lunascene.cpp(635): warning C4305: 'argument' : truncation from 'double' to 'float'
     1>d:\c++learning\laluna_rendering\laluna_rendering\lunascene.cpp(652): warning C4018: '<' : signed/unsigned mismatch
     1>d:\c++learning\laluna_rendering\laluna_rendering\lunascene.cpp(697): warning C4305: 'argument' : truncation from 'double' to 'float'
     1>d:\c++learning\laluna_rendering\laluna_rendering\lunascene.cpp(698): warning C4305: 'argument' : truncation from 'double' to 'float'
     1>d:\c++learning\laluna_rendering\laluna_rendering\lunascene.cpp(728): warning C4305: 'initializing' : truncation from 'double' to 'float'
     1>d:\c++learning\laluna_rendering\laluna_rendering\lunascene.cpp(733): warning C4244: '=' : conversion from 'double' to 'float', possible loss of data
     1>d:\c++learning\laluna_rendering\laluna_rendering\lunascene.cpp(738): warning C4244: 'initializing' : conversion from 'double' to 'float', possible loss of data
     1>d:\c++learning\laluna_rendering\laluna_rendering\lunascene.cpp(730): warning C4101: 'width_n' : unreferenced local variable
     1>d:\c++learning\laluna_rendering\laluna_rendering\lunascene.cpp(820): warning C4244: 'argument' : conversion from 'double' to 'float', possible loss of data
     1>d:\c++learning\laluna_rendering\laluna_rendering\lunascene.cpp(963): warning C4101: 'z_inverse' : unreferenced local variable
     1>d:\c++learning\laluna_rendering\laluna_rendering\lunascene.cpp(1376): warning C4018: '<' : signed/unsigned mismatch
     1>d:\c++learning\laluna_rendering\laluna_rendering\funcs.h(40): warning C4715: 'sortfromHigh2Low' : not all control paths return a value
       Link:
         C:\Program Files (x86)\Microsoft Visual Studio 12.0\VC\bin\link.exe /ERRORREPORT:PROMPT /OUT:"D:\C++learning\LaLuna_rendering\Debug\LaLuna_rendering.exe" /INCREMENTAL /NOLOGO /FORCE:MULTIPLE kernel32.lib user32.lib gdi32.lib winspool.lib comdlg32.lib advapi32.lib shell32.lib ole32.lib oleaut32.lib uuid.lib odbc32.lib odbccp32.lib /MANIFEST /MANIFESTUAC:"level='asInvoker' uiAccess='false'" /manifest:embed /DEBUG /PDB:"D:\C++learning\LaLuna_rendering\Debug\LaLuna_rendering.pdb" /SUBSYSTEM:WINDOWS /TLBID:1 /DYNAMICBASE /NXCOMPAT /IMPLIB:"D:\C++learning\LaLuna_rendering\Debug\LaLuna_rendering.lib" /MACHINE:X86 Debug\LaLuna_rendering.res
         Debug\LaLuna_rendering.obj
         Debug\LMaterial.obj
         Debug\LMatrix.obj
         Debug\LMesh.obj
         Debug\LTexture.obj
         Debug\LunaCamera.obj
         Debug\LunaLight.obj
         Debug\LunaScene.obj
         Debug\LVector.obj
         Debug\LVert.obj
         Debug\readBmp.obj
         Debug\stdafx.obj
     1>LINK : warning LNK4075: ignoring '/INCREMENTAL' due to '/FORCE' specification
     1>LaLuna_rendering.obj : warning LNK4075: ignoring '/EDITANDCONTINUE' due to '/OPT:LBR' specification
     1>LunaCamera.obj : warning LNK4006: "bool pushleftbutton" (?pushleftbutton@@3_NA) already defined in LaLuna_rendering.obj; second definition ignored
     1>LunaCamera.obj : warning LNK4006: "class LVector2 curmousePos" (?curmousePos@@3VLVector2@@A) already defined in LaLuna_rendering.obj; second definition ignored
     1>LunaCamera.obj : warning LNK4006: "class LVector2 lastmousPos" (?lastmousPos@@3VLVector2@@A) already defined in LaLuna_rendering.obj; second definition ignored
     1>LunaScene.obj : warning LNK4006: "float __cdecl Vector3Length(class LVector3,class LVector3)" (?Vector3Length@@YAMVLVector3@@0@Z) already defined in LunaCamera.obj; second definition ignored
     1>LunaScene.obj : warning LNK4006: "class LVert __cdecl calculateMiddle2inTri(class LVert,class LVert,float)" (?calculateMiddle2inTri@@YA?AVLVert@@V1@0M@Z) already defined in LunaCamera.obj; second definition ignored
     1>LunaScene.obj : warning LNK4006: "class LVector3 __cdecl crossVector3(class LVector3,class LVector3)" (?crossVector3@@YA?AVLVector3@@V1@0@Z) already defined in LunaCamera.obj; second definition ignored
     1>LunaScene.obj : warning LNK4006: "float __cdecl dot2vector4(class LVector4 const &,class LVector4 const &)" (?dot2vector4@@YAMABVLVector4@@0@Z) already defined in LunaCamera.obj; second definition ignored
     1>LunaScene.obj : warning LNK4006: "double __cdecl lineInsertWithHorizontalLine(class LVector4 const &,class LVector4 const &,double)" (?lineInsertWithHorizontalLine@@YANABVLVector4@@0N@Z) already defined in LunaCamera.obj; second definition ignored
     1>LunaScene.obj : warning LNK4006: "class LVector3 __cdecl normalizeVector3(class LVector3)" (?normalizeVector3@@YA?AVLVector3@@V1@@Z) already defined in LunaCamera.obj; second definition ignored
     1>LunaScene.obj : warning LNK4006: "class LVector4 __cdecl normalizeVector4(class LVector4)" (?normalizeVector4@@YA?AVLVector4@@V1@@Z) already defined in LunaCamera.obj; second definition ignored
     1>LunaScene.obj : warning LNK4006: "class LVector4 __cdecl perComponentProduct(class LVector4 const &,class LVector4 const &)" (?perComponentProduct@@YA?AVLVector4@@ABV1@0@Z) already defined in LunaCamera.obj; second definition ignored
     1>LunaScene.obj : warning LNK4006: "class LVector4 __cdecl reflectVector4(class LVector4,class LVector4)" (?reflectVector4@@YA?AVLVector4@@V1@0@Z) already defined in LunaCamera.obj; second definition ignored
     1>LunaScene.obj : warning LNK4006: "class std::vector<int,class std::allocator<int> > __cdecl sortfromHigh2Low(float,float,float)" (?sortfromHigh2Low@@YA?AV?$vector@HV?$allocator@H@std@@@std@@MMM@Z) already defined in LunaCamera.obj; second definition ignored
     1>LunaScene.obj : warning LNK4006: "bool pushleftbutton" (?pushleftbutton@@3_NA) already defined in LaLuna_rendering.obj; second definition ignored
     1>LunaScene.obj : warning LNK4006: "class LVector2 curmousePos" (?curmousePos@@3VLVector2@@A) already defined in LaLuna_rendering.obj; second definition ignored
     1>LunaScene.obj : warning LNK4006: "class LVector2 lastmousPos" (?lastmousPos@@3VLVector2@@A) already defined in LaLuna_rendering.obj; second definition ignored
     1>D:\C++learning\LaLuna_rendering\Debug\LaLuna_rendering.exe : warning LNK4088: image being generated due to /FORCE option; image may not run
         LaLuna_rendering.vcxproj -> D:\C++learning\LaLuna_rendering\Debug\LaLuna_rendering.exe
       PostBuildEvent:
         editbin/subsystem:console D:\C++learning\LaLuna_rendering\Debug\LaLuna_rendering.exe
         :VCEnd
         Microsoft (R) COFF/PE Editor Version 12.00.40629.0
         Copyright (C) Microsoft Corporation.  All rights reserved.
         
         
     1>Done Building Project "D:\C++learning\LaLuna_rendering\LaLuna_rendering\LaLuna_rendering.vcxproj" (Build target(s)).

Build succeeded.

Time Elapsed 00:00:01.07
